app/build/outputs/logs/manifest-merger-debug-report.txt
-- Merging decision tree log ---
manifest
ADDED from src/main/AndroidManifest.xml:2:1-107:12
	android:screenOrientation
		ADDED from src/main/AndroidManifest.xml:4:5-42
	xmlns:android
		ADDED from src/main/AndroidManifest.xml:2:11-69
	package
		ADDED from src/main/AndroidManifest.xml:3:5-30
		INJECTED from src/main/AndroidManifest.xml
		INJECTED from src/main/AndroidManifest.xml
	android:versionName
		ADDED from src/main/AndroidManifest.xml:6:5-30
		INJECTED from src/main/AndroidManifest.xml
		INJECTED from src/main/AndroidManifest.xml
	android:versionCode
		ADDED from src/main/AndroidManifest.xml:5:5-28
		INJECTED from src/main/AndroidManifest.xml
		INJECTED from src/main/AndroidManifest.xml
uses-permission#android.permission.INTERNET
ADDED from src/main/AndroidManifest.xml:8:5-67
	android:name
		ADDED from src/main/AndroidManifest.xml:8:22-64
uses-permission#android.permission.WRITE_EXTERNAL_STORAGE
ADDED from src/main/AndroidManifest.xml:9:5-81
	android:name
		ADDED from src/main/AndroidManifest.xml:9:22-78
uses-permission#android.permission.CAMERA
ADDED from src/main/AndroidManifest.xml:10:5-65
	android:name
		ADDED from src/main/AndroidManifest.xml:10:22-62
uses-permission#android.permission.ACCESS_NETWORK_STATE
ADDED from src/main/AndroidManifest.xml:11:5-79
	android:name
		ADDED from src/main/AndroidManifest.xml:11:22-76
uses-permission#android.permission.ACCESS_FINE_LOCATION
ADDED from src/main/AndroidManifest.xml:12:5-79
	android:name
		ADDED from src/main/AndroidManifest.xml:12:22-76
uses-permission#com.xont.hema6.controller.sale.permission.MAPS_RECEIVE
ADDED from src/main/AndroidManifest.xml:16:5-94
	android:name
		ADDED from src/main/AndroidManifest.xml:16:22-91
uses-permission#com.google.android.providers.gsf.permission.READ_GSERVICES
ADDED from src/main/AndroidManifest.xml:17:5-98
	android:name
		ADDED from src/main/AndroidManifest.xml:17:22-95
uses-permission#android.permission.ACCESS_WIFI_STATE
ADDED from src/main/AndroidManifest.xml:18:5-76
	android:name
		ADDED from src/main/AndroidManifest.xml:18:22-73
uses-permission#android.permission.READ_PHONE_STATE
ADDED from src/main/AndroidManifest.xml:19:5-75
	android:name
		ADDED from src/main/AndroidManifest.xml:19:22-72
uses-permission#android.permission.ACCESS_LOCATION_EXTRA_COMMANDS
ADDED from src/main/AndroidManifest.xml:20:5-89
	android:name
		ADDED from src/main/AndroidManifest.xml:20:22-86
protected-broadcast
ADDED from src/main/AndroidManifest.xml:22:5-79
	android:name
		ADDED from src/main/AndroidManifest.xml:22:26-76
uses-sdk
ADDED from src/main/AndroidManifest.xml:24:5-26:41
	android:targetSdkVersion
		ADDED from src/main/AndroidManifest.xml:26:9-38
		INJECTED from src/main/AndroidManifest.xml
		INJECTED from src/main/AndroidManifest.xml
	android:minSdkVersion
		ADDED from src/main/AndroidManifest.xml:25:9-35
		INJECTED from src/main/AndroidManifest.xml
		INJECTED from src/main/AndroidManifest.xml
application
ADDED from src/main/AndroidManifest.xml:28:5-105:19
	android:label
		ADDED from src/main/AndroidManifest.xml:31:9-41
	android:allowBackup
		ADDED from src/main/AndroidManifest.xml:29:9-35
	android:icon
		ADDED from src/main/AndroidManifest.xml:30:9-45
	android:theme
		ADDED from src/main/AndroidManifest.xml:32:9-40
activity#com.example.cia.MainActivity
ADDED from src/main/AndroidManifest.xml:33:9-42:20
	android:screenOrientation
		ADDED from src/main/AndroidManifest.xml:36:13-50
	android:label
		ADDED from src/main/AndroidManifest.xml:35:13-45
	android:name
		ADDED from src/main/AndroidManifest.xml:34:13-41
intent-filter#android.intent.action.MAIN+android.intent.category.LAUNCHER
ADDED from src/main/AndroidManifest.xml:37:13-41:29
action#android.intent.action.MAIN
ADDED from src/main/AndroidManifest.xml:38:17-69
	android:name
		ADDED from src/main/AndroidManifest.xml:38:25-66
category#android.intent.category.LAUNCHER
ADDED from src/main/AndroidManifest.xml:40:17-77
	android:name
		ADDED from src/main/AndroidManifest.xml:40:27-74
activity#com.example.cia.UploadGallery
ADDED from src/main/AndroidManifest.xml:43:9-46:53
	android:screenOrientation
		ADDED from src/main/AndroidManifest.xml:46:13-50
	android:configChanges
		ADDED from src/main/AndroidManifest.xml:45:13-81
	android:name
		ADDED from src/main/AndroidManifest.xml:44:13-42
activity#com.example.cia.SynchronizeGallery
ADDED from src/main/AndroidManifest.xml:47:9-50:53
	android:screenOrientation
		ADDED from src/main/AndroidManifest.xml:50:13-50
	android:configChanges
		ADDED from src/main/AndroidManifest.xml:49:13-81
	android:name
		ADDED from src/main/AndroidManifest.xml:48:13-47
activity#com.example.cia.SynchronizeImage
ADDED from src/main/AndroidManifest.xml:51:9-54:53
	android:screenOrientation
		ADDED from src/main/AndroidManifest.xml:54:13-50
	android:configChanges
		ADDED from src/main/AndroidManifest.xml:53:13-81
	android:name
		ADDED from src/main/AndroidManifest.xml:52:13-45
activity#com.example.cia.AndroidCustomGalleryActivity
ADDED from src/main/AndroidManifest.xml:55:9-58:53
	android:screenOrientation
		ADDED from src/main/AndroidManifest.xml:58:13-50
	android:configChanges
		ADDED from src/main/AndroidManifest.xml:57:13-81
	android:name
		ADDED from src/main/AndroidManifest.xml:56:13-57
activity#com.example.cia.UploadQueue
ADDED from src/main/AndroidManifest.xml:59:9-62:53
	android:screenOrientation
		ADDED from src/main/AndroidManifest.xml:62:13-50
	android:configChanges
		ADDED from src/main/AndroidManifest.xml:61:13-81
	android:name
		ADDED from src/main/AndroidManifest.xml:60:13-40
activity#com.example.cia.FullScreenViewActivity
ADDED from src/main/AndroidManifest.xml:63:9-66:20
	android:theme
		ADDED from src/main/AndroidManifest.xml:65:13-66
	android:name
		ADDED from src/main/AndroidManifest.xml:64:13-51
activity#com.example.cia.GridViewActivity
ADDED from src/main/AndroidManifest.xml:67:9-70:20
	android:theme
		ADDED from src/main/AndroidManifest.xml:69:13-66
	android:name
		ADDED from src/main/AndroidManifest.xml:68:13-45
activity#com.example.cia.FullScreenViewActivity2
ADDED from src/main/AndroidManifest.xml:71:9-74:20
	android:theme
		ADDED from src/main/AndroidManifest.xml:73:13-66
	android:name
		ADDED from src/main/AndroidManifest.xml:72:13-52
activity#com.example.cia.GridViewActivity2
ADDED from src/main/AndroidManifest.xml:75:9-78:20
	android:theme
		ADDED from src/main/AndroidManifest.xml:77:13-66
	android:name
		ADDED from src/main/AndroidManifest.xml:76:13-46
meta-data#com.google.android.maps.v2.API_KEY
ADDED from src/main/AndroidManifest.xml:80:9-82:71
	android:name
		ADDED from src/main/AndroidManifest.xml:81:13-62
	android:value
		ADDED from src/main/AndroidManifest.xml:82:13-68
activity#com.example.cia.UploadFTPActivity
ADDED from src/main/AndroidManifest.xml:84:9-87:53
	android:screenOrientation
		ADDED from src/main/AndroidManifest.xml:87:13-50
	android:configChanges
		ADDED from src/main/AndroidManifest.xml:86:13-81
	android:name
		ADDED from src/main/AndroidManifest.xml:85:13-46
activity#com.example.cia.NamePhoto
ADDED from src/main/AndroidManifest.xml:88:9-91:53
	android:screenOrientation
		ADDED from src/main/AndroidManifest.xml:91:13-50
	android:configChanges
		ADDED from src/main/AndroidManifest.xml:90:13-81
	android:name
		ADDED from src/main/AndroidManifest.xml:89:13-38
activity#com.example.cia.GaleriaEnlazar
ADDED from src/main/AndroidManifest.xml:92:9-95:53
	android:screenOrientation
		ADDED from src/main/AndroidManifest.xml:95:13-50
	android:configChanges
		ADDED from src/main/AndroidManifest.xml:94:13-81
	android:name
		ADDED from src/main/AndroidManifest.xml:93:13-43
activity#com.example.cia.GaleriaSubir
ADDED from src/main/AndroidManifest.xml:96:9-99:53
	android:screenOrientation
		ADDED from src/main/AndroidManifest.xml:99:13-50
	android:configChanges
		ADDED from src/main/AndroidManifest.xml:98:13-81
	android:name
		ADDED from src/main/AndroidManifest.xml:97:13-41
activity#com.example.cia.GalleryActivityShow
ADDED from src/main/AndroidManifest.xml:100:9-104:20
	android:screenOrientation
		ADDED from src/main/AndroidManifest.xml:103:13-50
	android:label
		ADDED from src/main/AndroidManifest.xml:102:13-73
	android:name
		ADDED from src/main/AndroidManifest.xml:101:13-48